<?xml version="1.0" encoding="UTF-8"?>
<!-- Generated by org.testng.reporters.JUnitReportReporter -->
<testsuite hostname="DESKTOP-K8K6P0N" failures="0" tests="3" name="testRunner.TestNgRunner" time="43.671" errors="0" timestamp="2024-05-03T19:54:02 IST" skipped="0">
  <testcase classname="testRunner.TestNgRunner" name="runScenario" time="20.935"/>
  <testcase classname="testRunner.TestNgRunner" name="runScenario" time="11.788"/>
  <testcase classname="testRunner.TestNgRunner" name="runScenario" time="10.948"/>
</testsuite> <!-- testRunner.TestNgRunner -->
