<?xml version="1.0" encoding="UTF-8"?>
<!-- Generated by org.testng.reporters.JUnitReportReporter -->
<testsuite hostname="DESKTOP-K8K6P0N" failures="0" tests="1" name="stepDefinitions.Hooks" time="7.366" errors="0" timestamp="2024-04-02T20:51:33 IST" skipped="0">
  <testcase classname="stepDefinitions.Hooks" name="setUP" time="7.366"/>
</testsuite> <!-- stepDefinitions.Hooks -->
